Temp/gradleOut/launcher/build/outputs/logs/manifest-merger-debug-report.txt
-- Merging decision tree log ---
manifest
ADDED from src/main/AndroidManifest.xml:3:1-6:12
INJECTED from src/main/AndroidManifest.xml:3:1-6:12
INJECTED from src/main/AndroidManifest.xml:3:1-6:12
INJECTED from src/main/AndroidManifest.xml:3:1-6:12
MERGED from [:unityLibrary] AndroidManifest.xml:3:1-78:12
MERGED from [:bluetoothHelpersAndroid:] AndroidManifest.xml:2:1-18:12
INJECTED from src/main/AndroidManifest.xml:3:1-6:12
INJECTED from src/main/AndroidManifest.xml:3:1-6:12
INJECTED from src/main/AndroidManifest.xml:3:1-6:12
	package
		ADDED from src/main/AndroidManifest.xml:3:70-108
		INJECTED from src/main/AndroidManifest.xml
		INJECTED from src/main/AndroidManifest.xml
	android:versionName
		INJECTED from src/main/AndroidManifest.xml
		ADDED from src/main/AndroidManifest.xml:3:1-6:12
		INJECTED from src/main/AndroidManifest.xml
	xmlns:tools
		ADDED from src/main/AndroidManifest.xml:3:109-155
	android:versionCode
		INJECTED from src/main/AndroidManifest.xml
		ADDED from src/main/AndroidManifest.xml:3:1-6:12
		INJECTED from src/main/AndroidManifest.xml
	xmlns:android
		ADDED from src/main/AndroidManifest.xml:3:11-69
	android:installLocation
		ADDED from src/main/AndroidManifest.xml:3:156-196
supports-screens
ADDED from src/main/AndroidManifest.xml:4:3-163
	android:largeScreens
		ADDED from src/main/AndroidManifest.xml:4:78-105
	android:smallScreens
		ADDED from src/main/AndroidManifest.xml:4:21-48
	android:normalScreens
		ADDED from src/main/AndroidManifest.xml:4:49-77
	android:xlargeScreens
		ADDED from src/main/AndroidManifest.xml:4:106-134
	android:anyDensity
		ADDED from src/main/AndroidManifest.xml:4:135-160
application
ADDED from src/main/AndroidManifest.xml:5:3-83
MERGED from [:unityLibrary] AndroidManifest.xml:36:5-76:19
MERGED from [:unityLibrary] AndroidManifest.xml:36:5-76:19
	android:label
		ADDED from src/main/AndroidManifest.xml:5:16-48
	android:icon
		ADDED from src/main/AndroidManifest.xml:5:49-80
uses-sdk
INJECTED from src/main/AndroidManifest.xml reason: use-sdk injection requested
INJECTED from src/main/AndroidManifest.xml
INJECTED from src/main/AndroidManifest.xml
MERGED from [:unityLibrary] AndroidManifest.xml:9:5-11:41
MERGED from [:unityLibrary] AndroidManifest.xml:9:5-11:41
MERGED from [:bluetoothHelpersAndroid:] AndroidManifest.xml:7:5-9:41
MERGED from [:bluetoothHelpersAndroid:] AndroidManifest.xml:7:5-9:41
INJECTED from src/main/AndroidManifest.xml
INJECTED from src/main/AndroidManifest.xml
	android:targetSdkVersion
		INJECTED from src/main/AndroidManifest.xml
		ADDED from src/main/AndroidManifest.xml
		INJECTED from src/main/AndroidManifest.xml
	android:minSdkVersion
		INJECTED from src/main/AndroidManifest.xml
		ADDED from src/main/AndroidManifest.xml
		INJECTED from src/main/AndroidManifest.xml
uses-permission#android.permission.BLUETOOTH
ADDED from [:unityLibrary] AndroidManifest.xml:13:5-68
MERGED from [:bluetoothHelpersAndroid:] AndroidManifest.xml:11:5-68
MERGED from [:bluetoothHelpersAndroid:] AndroidManifest.xml:11:5-68
	android:name
		ADDED from [:unityLibrary] AndroidManifest.xml:13:22-65
uses-permission#android.permission.BLUETOOTH_ADMIN
ADDED from [:unityLibrary] AndroidManifest.xml:14:5-74
MERGED from [:bluetoothHelpersAndroid:] AndroidManifest.xml:12:5-74
MERGED from [:bluetoothHelpersAndroid:] AndroidManifest.xml:12:5-74
	android:name
		ADDED from [:unityLibrary] AndroidManifest.xml:14:22-71
uses-permission#android.permission.ACCESS_COARSE_LOCATION
ADDED from [:unityLibrary] AndroidManifest.xml:15:5-81
MERGED from [:bluetoothHelpersAndroid:] AndroidManifest.xml:13:5-81
MERGED from [:bluetoothHelpersAndroid:] AndroidManifest.xml:13:5-81
	android:name
		ADDED from [:unityLibrary] AndroidManifest.xml:15:22-78
uses-permission#android.permission.WAKE_LOCK
ADDED from [:unityLibrary] AndroidManifest.xml:16:5-68
MERGED from [:bluetoothHelpersAndroid:] AndroidManifest.xml:15:5-68
MERGED from [:bluetoothHelpersAndroid:] AndroidManifest.xml:15:5-68
	android:name
		ADDED from [:unityLibrary] AndroidManifest.xml:16:22-65
uses-permission#android.permission.ACCESS_NETWORK_STATE
ADDED from [:unityLibrary] AndroidManifest.xml:17:5-79
MERGED from [:bluetoothHelpersAndroid:] AndroidManifest.xml:16:5-79
MERGED from [:bluetoothHelpersAndroid:] AndroidManifest.xml:16:5-79
	android:name
		ADDED from [:unityLibrary] AndroidManifest.xml:17:22-76
uses-feature#0x00030000
ADDED from [:unityLibrary] AndroidManifest.xml:19:5-54
	android:glEsVersion
		ADDED from [:unityLibrary] AndroidManifest.xml:19:19-51
uses-feature#android.hardware.vulkan.version
ADDED from [:unityLibrary] AndroidManifest.xml:20:5-22:36
	android:required
		ADDED from [:unityLibrary] AndroidManifest.xml:22:9-33
	android:name
		ADDED from [:unityLibrary] AndroidManifest.xml:21:9-55
uses-permission#android.permission.INTERNET
ADDED from [:unityLibrary] AndroidManifest.xml:24:5-67
	android:name
		ADDED from [:unityLibrary] AndroidManifest.xml:24:22-64
uses-feature#android.hardware.touchscreen
ADDED from [:unityLibrary] AndroidManifest.xml:26:5-28:36
	android:required
		ADDED from [:unityLibrary] AndroidManifest.xml:28:9-33
	android:name
		ADDED from [:unityLibrary] AndroidManifest.xml:27:9-52
uses-feature#android.hardware.touchscreen.multitouch
ADDED from [:unityLibrary] AndroidManifest.xml:29:5-31:36
	android:required
		ADDED from [:unityLibrary] AndroidManifest.xml:31:9-33
	android:name
		ADDED from [:unityLibrary] AndroidManifest.xml:30:9-63
uses-feature#android.hardware.touchscreen.multitouch.distinct
ADDED from [:unityLibrary] AndroidManifest.xml:32:5-34:36
	android:required
		ADDED from [:unityLibrary] AndroidManifest.xml:34:9-33
	android:name
		ADDED from [:unityLibrary] AndroidManifest.xml:33:9-72
activity#com.unity3d.player.UnityPlayerActivity
ADDED from [:unityLibrary] AndroidManifest.xml:37:9-56:20
	android:screenOrientation
		ADDED from [:unityLibrary] AndroidManifest.xml:42:13-51
	android:launchMode
		ADDED from [:unityLibrary] AndroidManifest.xml:41:13-44
	android:hardwareAccelerated
		ADDED from [:unityLibrary] AndroidManifest.xml:40:13-48
	android:configChanges
		ADDED from [:unityLibrary] AndroidManifest.xml:39:13-194
	android:theme
		ADDED from [:unityLibrary] AndroidManifest.xml:43:13-54
	android:name
		ADDED from [:unityLibrary] AndroidManifest.xml:38:13-66
intent-filter#action:name:android.intent.action.MAIN+category:name:android.intent.category.LAUNCHER
ADDED from [:unityLibrary] AndroidManifest.xml:44:13-48:29
action#android.intent.action.MAIN
ADDED from [:unityLibrary] AndroidManifest.xml:45:17-69
	android:name
		ADDED from [:unityLibrary] AndroidManifest.xml:45:25-66
category#android.intent.category.LAUNCHER
ADDED from [:unityLibrary] AndroidManifest.xml:47:17-77
	android:name
		ADDED from [:unityLibrary] AndroidManifest.xml:47:27-74
meta-data#unityplayer.UnityActivity
ADDED from [:unityLibrary] AndroidManifest.xml:50:13-52:40
	android:value
		ADDED from [:unityLibrary] AndroidManifest.xml:52:17-37
	android:name
		ADDED from [:unityLibrary] AndroidManifest.xml:51:17-57
meta-data#android.notch_support
ADDED from [:unityLibrary] AndroidManifest.xml:53:13-55:40
	android:value
		ADDED from [:unityLibrary] AndroidManifest.xml:55:17-37
	android:name
		ADDED from [:unityLibrary] AndroidManifest.xml:54:17-53
receiver#com.mattoverflow.andriod.bluetoothhelpers.BluetoothReceiver
ADDED from [:unityLibrary] AndroidManifest.xml:58:9-62:20
	android:name
		ADDED from [:unityLibrary] AndroidManifest.xml:58:19-93
intent-filter#action:name:android.bluetooth.BluetoothDevice.ACTION_FOUND
ADDED from [:unityLibrary] AndroidManifest.xml:59:13-61:29
action#android.bluetooth.BluetoothDevice.ACTION_FOUND
ADDED from [:unityLibrary] AndroidManifest.xml:60:17-89
	android:name
		ADDED from [:unityLibrary] AndroidManifest.xml:60:25-86
meta-data#unity.splash-mode
ADDED from [:unityLibrary] AndroidManifest.xml:64:9-66:33
	android:value
		ADDED from [:unityLibrary] AndroidManifest.xml:66:13-30
	android:name
		ADDED from [:unityLibrary] AndroidManifest.xml:65:13-45
meta-data#unity.splash-enable
ADDED from [:unityLibrary] AndroidManifest.xml:67:9-69:36
	android:value
		ADDED from [:unityLibrary] AndroidManifest.xml:69:13-33
	android:name
		ADDED from [:unityLibrary] AndroidManifest.xml:68:13-47
meta-data#notch.config
ADDED from [:unityLibrary] AndroidManifest.xml:70:9-72:50
	android:value
		ADDED from [:unityLibrary] AndroidManifest.xml:72:13-47
	android:name
		ADDED from [:unityLibrary] AndroidManifest.xml:71:13-40
meta-data#unity.build-id
ADDED from [:unityLibrary] AndroidManifest.xml:73:9-75:68
	android:value
		ADDED from [:unityLibrary] AndroidManifest.xml:75:13-65
	android:name
		ADDED from [:unityLibrary] AndroidManifest.xml:74:13-42
uses-permission#android.permission.ACCESS_FINE_LOCATION
ADDED from [:bluetoothHelpersAndroid:] AndroidManifest.xml:14:5-79
	android:name
		ADDED from [:bluetoothHelpersAndroid:] AndroidManifest.xml:14:22-76